INFO: Scanner configuration file: /opt/sonar-scanner/conf/sonar-scanner.properties
INFO: Project root configuration file: /usr/src/sonar-project.properties
INFO: SonarScanner 4.5.0.2216
INFO: Java 11.0.6 AdoptOpenJDK (64-bit)
INFO: Linux 4.19.76-linuxkit amd64
INFO: User cache: /opt/sonar-scanner/.sonar/cache
INFO: Scanner configuration file: /opt/sonar-scanner/conf/sonar-scanner.properties
INFO: Project root configuration file: /usr/src/sonar-project.properties
INFO: Analyzing on SonarQube server 8.5.1
INFO: Default locale: "en_US", source code encoding: "UTF-8" (analysis is platform dependent)
INFO: Load global settings
INFO: Load global settings (done) | time=173ms
INFO: Server id: BF41A1F2-AXV1adFW6Id66m_VVvnw
INFO: User cache: /opt/sonar-scanner/.sonar/cache
INFO: Load/download plugins
INFO: Load plugins index
INFO: Load plugins index (done) | time=121ms
INFO: Load/download plugins (done) | time=2935ms
INFO: Process project properties
INFO: Process project properties (done) | time=2ms
INFO: Execute project builders
INFO: Execute project builders (done) | time=5ms
INFO: Project key: test-youtube-dl
INFO: Base dir: /usr/src
INFO: Working dir: /usr/src/.scannerwork
INFO: Load project settings for component key: 'test-youtube-dl'
INFO: Load project settings for component key: 'test-youtube-dl' (done) | time=75ms
INFO: Load quality profiles
INFO: Load quality profiles (done) | time=275ms
INFO: Load active rules
INFO: Load active rules (done) | time=2845ms
WARN: SCM provider autodetection failed. Please use "sonar.scm.provider" to define SCM of your project, or disable the SCM Sensor in the project settings.
INFO: Indexing files...
INFO: Project configuration:
INFO: 909 files indexed
INFO: Quality profile for flex: Sonar way
INFO: Quality profile for py: Sonar way
INFO: ------------- Run sensors on module test-youtube-dl
INFO: Load metrics repository
INFO: Load metrics repository (done) | time=60ms
INFO: Sensor Python Sensor [python]
INFO: Starting global symbols computation
INFO: 850 source files to be analyzed
INFO: Load project repositories
INFO: Load project repositories (done) | time=87ms
INFO: 0/850 files analyzed, current file: youtube_dl/jsinterp.py
INFO: 135/850 files analyzed, current file: youtube_dl/extractor/spankbang.py
INFO: 360/850 files analyzed, current file: youtube_dl/extractor/thisav.py
INFO: 580/850 files analyzed, current file: youtube_dl/extractor/vzaar.py
INFO: 837/850 files analyzed, current file: youtube_dl/extractor/reddit.py
INFO: Starting rules execution
INFO: 850/850 source files have been analyzed
INFO: 850 source files to be analyzed
INFO: 47/850 files analyzed, current file: youtube_dl/extractor/toggle.py
INFO: 101/850 files analyzed, current file: youtube_dl/extractor/dumpert.py
INFO: 147/850 files analyzed, current file: youtube_dl/extractor/tweakers.py
INFO: 210/850 files analyzed, current file: youtube_dl/extractor/glide.py
INFO: 280/850 files analyzed, current file: youtube_dl/extractor/vyborymos.py
INFO: 339/850 files analyzed, current file: youtube_dl/extractor/limelight.py
INFO: 408/850 files analyzed, current file: youtube_dl/extractor/weibo.py
INFO: 480/850 files analyzed, current file: youtube_dl/extractor/giantbomb.py
INFO: 526/850 files analyzed, current file: youtube_dl/extractor/francetv.py
INFO: 583/850 files analyzed, current file: youtube_dl/extractor/thisamericanlife.py
INFO: 662/850 files analyzed, current file: youtube_dl/extractor/hotstar.py
INFO: 727/850 files analyzed, current file: youtube_dl/extractor/beeg.py
INFO: 765/850 files analyzed, current file: youtube_dl/extractor/common.py
INFO: 824/850 files analyzed, current file: test/test_YoutubeDL.py
INFO: 850/850 source files have been analyzed
INFO: Sensor Python Sensor [python] (done) | time=196857ms
INFO: Sensor Cobertura Sensor for Python coverage [python]
INFO: Sensor Cobertura Sensor for Python coverage [python] (done) | time=5566ms
INFO: Sensor PythonXUnitSensor [python]
INFO: Sensor PythonXUnitSensor [python] (done) | time=77ms
INFO: Sensor CSS Rules [cssfamily]
INFO: No CSS, PHP, HTML or VueJS files are found in the project. CSS analysis is skipped.
INFO: Sensor CSS Rules [cssfamily] (done) | time=11ms
INFO: Sensor JaCoCo XML Report Importer [jacoco]
INFO: 'sonar.coverage.jacoco.xmlReportPaths' is not defined. Using default locations: target/site/jacoco/jacoco.xml,target/site/jacoco-it/jacoco.xml,build/reports/jacoco/test/jacocoTestReport.xml
INFO: No report imported, no coverage information will be imported by JaCoCo XML Report Importer
INFO: Sensor JaCoCo XML Report Importer [jacoco] (done) | time=26ms
INFO: Sensor C# Properties [csharp]
INFO: Sensor C# Properties [csharp] (done) | time=3ms
INFO: Sensor JavaXmlSensor [java]
INFO: Sensor JavaXmlSensor [java] (done) | time=39ms
INFO: Sensor HTML [web]
INFO: Sensor HTML [web] (done) | time=28ms
INFO: Sensor Flex [flex]
INFO: 17 source files to be analyzed
INFO: Sensor Flex [flex] (done) | time=1848ms
INFO: Sensor Flex Cobertura [flex]
INFO: No Cobertura report provided (see 'sonar.flex.cobertura.reportPaths' property)
INFO: Sensor Flex Cobertura [flex] (done) | time=0ms
INFO: Sensor VB.NET Properties [vbnet]
INFO: 17/17 source files have been analyzed
INFO: Sensor VB.NET Properties [vbnet] (done) | time=5ms
INFO: ------------- Run sensors on project
INFO: Sensor Zero Coverage Sensor
INFO: Sensor Zero Coverage Sensor (done) | time=15710ms
INFO: SCM Publisher No SCM system was detected. You can use the 'sonar.scm.provider' property to explicitly specify it.
INFO: CPD Executor 12 files had no CPD blocks
INFO: CPD Executor Calculating CPD for 855 files
INFO: CPD Executor CPD calculation finished (done) | time=6579ms
INFO: Analysis report generated in 17766ms, dir size=10 MB
INFO: Analysis report compressed in 870111ms, zip size=4 MB
INFO: Analysis report uploaded in 911ms
INFO: ANALYSIS SUCCESSFUL, you can browse http://172.17.0.2:9000/dashboard?id=test-youtube-dl
INFO: Note that you will be able to access the updated dashboard once the server has processed the submitted analysis report
INFO: More about the report processing at http://172.17.0.2:9000/api/ce/task?id=AXV1w-dK6Id66m_VV0ZI
INFO: Analysis total time: 19:19.670 s
INFO: ------------------------------------------------------------------------
INFO: EXECUTION SUCCESS
INFO: ------------------------------------------------------------------------
INFO: Total time: 19:25.794s
INFO: Final Memory: 5M/24M
INFO: ------------------------------------------------------------------------